[2020-04-28T11:56:03.479] [ERROR] cheese - Cheese is too ripe!
[2020-04-28T11:56:57.234] [ERROR] cheese - Cheese is too ripe666!
[2020-04-28T11:57:59.905] [ERROR] cheese - Cheese is 错误监听成功too ripe666!
[2020-04-28T11:58:36.077] [ERROR] cheese - Cheese is too ripe!
[2020-04-28T11:58:36.078] [FATAL] cheese - Cheese was breeding ground for listeria.
[2020-04-28T11:58:52.994] [ERROR] cheese - Cheese is too ripe!
[2020-04-28T11:58:52.996] [FATAL] cheese - Cheese was breeding ground for listeria.
[2020-04-28T11:59:45.432] [ERROR] cheese - Cheese is too ripe!
[2020-04-28T11:59:45.434] [FATAL] cheese - Cheese was breeding ground for listeria.
[2020-04-28T12:00:04.606] [ERROR] cheese - Cheese is too ripe!
[2020-04-28T12:00:04.608] [FATAL] cheese - Cheese was breeding ground for listeria.
[2020-04-28T12:00:14.837] [ERROR] cheese - Cheese is too ripe!
[2020-04-28T12:00:14.839] [FATAL] cheese - Cheese was breeding ground for listeria.
[2020-04-28T12:00:21.789] [ERROR] cheese - Cheese is too ripe!
[2020-04-28T12:00:21.791] [FATAL] cheese - Cheese was breeding ground for listeria.
[2020-04-28T12:00:38.859] [ERROR] cheese - Cheese is too ripe!
[2020-04-28T12:00:38.862] [FATAL] cheese - Cheese was breeding ground for listeria.
[2020-04-28T12:00:45.363] [ERROR] cheese - Cheese is too ripe!
[2020-04-28T12:00:45.365] [FATAL] cheese - Cheese was breeding ground for listeria.
[2020-04-28T12:01:04.555] [FATAL] cheese - Cheese was breeding ground for listeria.
[2020-04-28T12:01:04.557] [ERROR] cheese - Cheese is too ripe!
[2020-04-28T12:01:08.489] [ERROR] cheese - Cheese is too ripe!
[2020-04-28T12:06:41.715] [ERROR] cheese - Cheese is too ripe!
[2020-04-28T12:07:06.308] [ERROR] cheese - Cheese is too ripe!
[2020-04-28T12:07:21.773] [ERROR] cheese - Cheese is too ripe!
[2020-04-28T12:08:39.561] [ERROR] cheese - Cheese is too ripe!
[2020-04-28T12:08:39.935] [ERROR] cheese - Cheese is too ripe!
[2020-04-28T12:09:28.073] [ERROR] cheese - Cheese is too ripe!
[2020-04-28T12:09:31.052] [ERROR] cheese - Cheese is too ripe!
[2020-04-28T12:09:36.940] [ERROR] cheese - Cheese is too ripe!
[2020-04-28T12:10:01.652] [ERROR] cheese - Cheese is too ripe!
[2020-04-28T12:10:24.946] [ERROR] cheese - Cheese is too ripe!
[2020-04-28T12:10:28.148] [ERROR] cheese - Cheese is too ripe!
[2020-04-28T12:10:30.811] [ERROR] cheese - Cheese is too ripe!
[2020-04-28T12:10:35.914] [ERROR] cheese - Cheese is too ripe!
[2020-04-28T12:11:12.278] [ERROR] cheese - Cheese is too ripe!
[2020-04-28T12:11:15.809] [ERROR] cheese - Cheese is too ripe!
[2020-04-28T12:11:20.581] [ERROR] cheese - Cheese is too ripe!
[2020-04-28T12:11:26.395] [ERROR] cheese - Cheese is too ripe!
[2020-04-28T12:11:34.484] [ERROR] cheese - Cheese is too ripe!
[2020-04-28T12:11:40.023] [ERROR] cheese - Cheese is too ripe!
[2020-04-28T12:11:48.515] [ERROR] cheese - Cheese is too ripe!
[2020-04-28T12:13:12.082] [ERROR] cheese - Cheese is too ripe!
[2020-04-28T12:13:37.043] [ERROR] cheese - Cheese is too ripe!
[2020-04-28T12:14:45.719] [ERROR] cheese - Cheese is too ripe!
[2020-04-28T12:14:55.341] [ERROR] cheese - Cheese is too ripe!
[2020-04-28T12:15:24.296] [ERROR] cheese - Cheese is too ripe!
[2020-04-28T12:15:59.594] [ERROR] cheese - Cheese is too ripe!
[2020-04-28T12:17:47.394] [ERROR] cheese - Cheese is too ripe!
[2020-04-28T12:18:13.023] [ERROR] cheese - Cheese is too ripe!
[2020-04-28T12:18:56.958] [ERROR] cheese - Cheese is too ripe!
[2020-04-28T12:19:13.797] [ERROR] cheese - Cheese is too ripe!
[2020-04-28T12:20:01.406] [ERROR] cheese - Cheese is too ripe!
[2020-04-28T12:22:32.672] [ERROR] cheese - Cheese is too ripe!
[2020-04-28T12:22:42.429] [ERROR] cheese - Cheese is too ripe!
[2020-04-28T12:22:48.254] [ERROR] cheese - Cheese is too ripe!
[2020-04-28T12:22:53.553] [ERROR] cheese - Cheese is too ripe!
[2020-04-28T12:23:00.591] [ERROR] cheese - Cheese is too ripe!
[2020-04-28T12:23:04.152] [ERROR] cheese - Cheese is too ripe!
[2020-04-28T12:24:07.422] [ERROR] cheese - Cheese is too ripe!
[2020-04-28T12:24:22.853] [ERROR] cheese - Cheese is too ripe!
[2020-04-28T12:24:32.941] [ERROR] cheese - Cheese is too ripe!
[2020-04-28T12:24:39.103] [ERROR] cheese - Cheese is too ripe!
[2020-04-28T12:24:43.930] [ERROR] cheese - Cheese is too ripe!
[2020-04-28T12:24:46.621] [ERROR] cheese - Cheese is too ripe!
[2020-04-28T12:24:50.484] [ERROR] cheese - Cheese is too ripe!
[2020-04-28T12:25:01.870] [ERROR] cheese - Cheese is too ripe!
[2020-04-28T12:25:09.806] [ERROR] cheese - Cheese is too ripe!
[2020-04-28T12:26:54.990] [ERROR] cheese - Cheese is too ripe!
[2020-04-28T12:27:00.062] [ERROR] cheese - Cheese is too ripe!
[2020-04-28T12:28:02.385] [ERROR] cheese - Cheese is too ripe!
[2020-04-28T12:28:10.391] [ERROR] cheese - Cheese is too ripe!
[2020-04-28T12:33:49.551] [ERROR] cheese - ReferenceError: data is not defined
    at actionIndex (D:\gitCode\deng\BFF\controllers\IndexController.js:13:7)
    at dispatch (D:\gitCode\deng\BFF\node_modules\koa-simple-router\index.js:186:18)
    at Router._lookup (D:\gitCode\deng\BFF\node_modules\koa-simple-router\index.js:198:12)
    at D:\gitCode\deng\BFF\node_modules\koa-simple-router\index.js:138:21
    at dispatch (D:\gitCode\deng\BFF\node_modules\koa-compose\index.js:42:32)
    at D:\gitCode\deng\BFF\middlewares\errorHandler.js:20:13
    at dispatch (D:\gitCode\deng\BFF\node_modules\koa-compose\index.js:42:32)
    at D:\gitCode\deng\BFF\middlewares\errorHandler.js:7:15
    at dispatch (D:\gitCode\deng\BFF\node_modules\koa-compose\index.js:42:32)
    at serve (D:\gitCode\deng\BFF\node_modules\koa-static\index.js:53:15)
[2020-04-28T12:36:52.813] [ERROR] cheese - ReferenceError: data is not defined
    at actionIndex (D:\gitCode\deng\BFF\controllers\IndexController.js:13:7)
    at dispatch (D:\gitCode\deng\BFF\node_modules\koa-simple-router\index.js:186:18)
    at Router._lookup (D:\gitCode\deng\BFF\node_modules\koa-simple-router\index.js:198:12)
    at D:\gitCode\deng\BFF\node_modules\koa-simple-router\index.js:138:21
    at dispatch (D:\gitCode\deng\BFF\node_modules\koa-compose\index.js:42:32)
    at D:\gitCode\deng\BFF\middlewares\errorHandler.js:21:13
    at dispatch (D:\gitCode\deng\BFF\node_modules\koa-compose\index.js:42:32)
    at D:\gitCode\deng\BFF\middlewares\errorHandler.js:7:15
    at dispatch (D:\gitCode\deng\BFF\node_modules\koa-compose\index.js:42:32)
    at serve (D:\gitCode\deng\BFF\node_modules\koa-static\index.js:53:15)
[2020-04-28T12:38:15.908] [ERROR] cheese - ReferenceError: data is not defined
    at actionIndex (D:\gitCode\deng\BFF\controllers\IndexController.js:13:7)
    at dispatch (D:\gitCode\deng\BFF\node_modules\koa-simple-router\index.js:186:18)
    at Router._lookup (D:\gitCode\deng\BFF\node_modules\koa-simple-router\index.js:198:12)
    at D:\gitCode\deng\BFF\node_modules\koa-simple-router\index.js:138:21
    at dispatch (D:\gitCode\deng\BFF\node_modules\koa-compose\index.js:42:32)
    at D:\gitCode\deng\BFF\middlewares\errorHandler.js:21:13
    at dispatch (D:\gitCode\deng\BFF\node_modules\koa-compose\index.js:42:32)
    at D:\gitCode\deng\BFF\middlewares\errorHandler.js:7:15
    at dispatch (D:\gitCode\deng\BFF\node_modules\koa-compose\index.js:42:32)
    at serve (D:\gitCode\deng\BFF\node_modules\koa-static\index.js:53:15)
